d:\git_workspace\raytracing\raytracing\debug\vc142.pdb
d:\git_workspace\raytracing\raytracing\debug\vc142.idb
d:\git_workspace\raytracing\raytracing\debug\vector3d.obj
d:\git_workspace\raytracing\raytracing\debug\sphere.obj
d:\git_workspace\raytracing\raytracing\debug\scene.obj
d:\git_workspace\raytracing\raytracing\debug\ray.obj
d:\git_workspace\raytracing\raytracing\debug\main.obj
d:\git_workspace\raytracing\raytracing\debug\color.obj
d:\git_workspace\raytracing\raytracing\debug\camera.obj
d:\git_workspace\raytracing\raytracing\debug\intersection.obj
d:\git_workspace\raytracing\raytracing\debug\object.obj
d:\git_workspace\raytracing\bin\raytracing_d.exe
d:\git_workspace\raytracing\bin\raytracing_d.ilk
d:\git_workspace\raytracing\bin\raytracing_d.pdb
d:\git_workspace\raytracing\raytracing\debug\camera.obj.enc
d:\git_workspace\raytracing\raytracing\debug\main.obj.enc
d:\git_workspace\raytracing\raytracing\debug\raytracing.tlog\cl.command.1.tlog
d:\git_workspace\raytracing\raytracing\debug\raytracing.tlog\cl.read.1.tlog
d:\git_workspace\raytracing\raytracing\debug\raytracing.tlog\cl.write.1.tlog
d:\git_workspace\raytracing\raytracing\debug\raytracing.tlog\link.command.1.tlog
d:\git_workspace\raytracing\raytracing\debug\raytracing.tlog\link.read.1.tlog
d:\git_workspace\raytracing\raytracing\debug\raytracing.tlog\link.write.1.tlog
